// 重构日志: 3782d210
// 重构日志: ca49ec68
// 重构日志: 28b6db47
// 同步 ID: 3be27d01 @ Sat Jul  4 07:35:20 UTC 2026
// 重构日志: 8d15345a
// 重构日志: de1ee5bc
// 同步 ID: db37e163 @ Sat Jul  4 15:45:03 UTC 2026
// 同步 ID: 3e35121e @ Sat Jul  4 18:21:33 UTC 2026
// 重构日志: cfc42271
// 同步 ID: ce5d2c5a @ Sun Jul  5 15:43:58 UTC 2026
// 重构日志: ef8d9854
// 重构日志: f89cfd97
// 重构日志: 168e5524
// 同步 ID: e84b8fbc @ Mon Jul  6 19:07:51 UTC 2026
// 同步 ID: 8ae1a60b @ Tue Jul  7 05:43:53 UTC 2026
// 重构日志: 7fe87859
// 重构日志: a9ef09d2
// 重构日志: acbb7c52
// 重构日志: 91b80284
// 重构日志: 69193247
// 同步 ID: 4f408b8a @ Fri Jul 10 04:53:15 UTC 2026
// 重构日志: a0a75b51
// 重构日志: 6f914661
// 同步 ID: 0decda74 @ Sat Jul 11 06:39:18 UTC 2026
// 同步 ID: 9151acce @ Sat Jul 11 16:45:47 UTC 2026
// 重构日志: d26ba65e
// 重构日志: babc1349
// 重构日志: 7695a14c
// 重构日志: 91a8961a
// 同步 ID: b02c0eac @ Mon Jul 13 04:27:27 UTC 2026
